<?xml version="1.0" encoding="UTF-8"?>
<testng-results skipped="0" failed="0" total="1" passed="1">
  <reporter-output>
  </reporter-output>
  <suite name="Default suite" duration-ms="8480" started-at="2022-03-16T19:20:37Z" finished-at="2022-03-16T19:20:46Z">
    <groups>
    </groups>
    <test name="Default test" duration-ms="8480" started-at="2022-03-16T19:20:37Z" finished-at="2022-03-16T19:20:46Z">
      <class name="DMSData.Testcases.DepartmentDataTest">
        <test-method status="PASS" signature="launchApp()[pri:0, instance:DMSData.Testcases.DepartmentDataTest@18be83e4]" name="launchApp" is-config="true" duration-ms="8133" started-at="2022-03-17T00:50:29Z" finished-at="2022-03-17T00:50:37Z">
          <reporter-output>
          </reporter-output>
        </test-method> <!-- launchApp -->
        <test-method status="PASS" signature="login()[pri:0, instance:DMSData.Testcases.DepartmentDataTest@18be83e4]" name="login" is-config="true" duration-ms="6476" started-at="2022-03-17T00:50:37Z" finished-at="2022-03-17T00:50:44Z">
          <reporter-output>
          </reporter-output>
        </test-method> <!-- login -->
        <test-method status="PASS" signature="Department()[pri:0, instance:DMSData.Testcases.DepartmentDataTest@18be83e4]" name="Department" duration-ms="1980" started-at="2022-03-17T00:50:44Z" finished-at="2022-03-17T00:50:46Z">
          <reporter-output>
          </reporter-output>
        </test-method> <!-- Department -->
        <test-method status="PASS" signature="closeApp()[pri:0, instance:DMSData.Testcases.DepartmentDataTest@18be83e4]" name="closeApp" is-config="true" duration-ms="609" started-at="2022-03-17T00:50:46Z" finished-at="2022-03-17T00:50:46Z">
          <reporter-output>
          </reporter-output>
        </test-method> <!-- closeApp -->
      </class> <!-- DMSData.Testcases.DepartmentDataTest -->
    </test> <!-- Default test -->
  </suite> <!-- Default suite -->
</testng-results>
