<?xml version="1.0" encoding="UTF-8"?>
<testng-results skipped="1" failed="0" total="1" passed="0">
  <reporter-output>
  </reporter-output>
  <suite name="Default suite" duration-ms="36" started-at="2022-03-25T08:56:49Z" finished-at="2022-03-25T08:56:49Z">
    <groups>
    </groups>
    <test name="Default test" duration-ms="36" started-at="2022-03-25T08:56:49Z" finished-at="2022-03-25T08:56:49Z">
      <class name="DMS.testcases.LoginTest">
        <test-method status="PASS" signature="launchApp()[pri:0, instance:DMS.testcases.LoginTest@c038203]" name="launchApp" is-config="true" duration-ms="7023" started-at="2022-03-25T14:26:42Z" finished-at="2022-03-25T14:26:49Z">
          <reporter-output>
          </reporter-output>
        </test-method> <!-- launchApp -->
        <test-method status="SKIP" signature="DMSLogin(java.lang.String, java.lang.String, java.lang.String)[pri:0, instance:DMS.testcases.LoginTest@c038203]" name="DMSLogin" duration-ms="0" started-at="2022-03-25T14:26:49Z" finished-at="2022-03-25T14:26:49Z">
          <exception class="org.testng.TestNGException">
            <message>
              <![CDATA[
Parameter 'cpl' is required by @Test on method DMSLogin but has not been marked @Optional or defined
in C:\Users\ashishdh\AppData\Local\Temp\testng-eclipse-1421229254\testng-customsuite.xml]]>
            </message>
            <full-stacktrace>
              <![CDATA[org.testng.TestNGException: 
Parameter 'cpl' is required by @Test on method DMSLogin but has not been marked @Optional or defined
in C:\Users\ashishdh\AppData\Local\Temp\testng-eclipse-1421229254\testng-customsuite.xml
	at org.testng.internal.Parameters.createParameters(Parameters.java:154)
	at org.testng.internal.Parameters.createParameters(Parameters.java:361)
	at org.testng.internal.Parameters.handleParameters(Parameters.java:451)
	at org.testng.internal.Invoker.handleParameters(Invoker.java:1243)
	at org.testng.internal.Invoker.createParameters(Invoker.java:992)
	at org.testng.internal.Invoker.invokeTestMethods(Invoker.java:1082)
	at org.testng.internal.TestMethodWorker.invokeTestMethods(TestMethodWorker.java:129)
	at org.testng.internal.TestMethodWorker.run(TestMethodWorker.java:112)
	at org.testng.TestRunner.privateRun(TestRunner.java:778)
	at org.testng.TestRunner.run(TestRunner.java:632)
	at org.testng.SuiteRunner.runTest(SuiteRunner.java:366)
	at org.testng.SuiteRunner.runSequentially(SuiteRunner.java:361)
	at org.testng.SuiteRunner.privateRun(SuiteRunner.java:319)
	at org.testng.SuiteRunner.run(SuiteRunner.java:268)
	at org.testng.SuiteRunnerWorker.runSuite(SuiteRunnerWorker.java:52)
	at org.testng.SuiteRunnerWorker.run(SuiteRunnerWorker.java:86)
	at org.testng.TestNG.runSuitesSequentially(TestNG.java:1225)
	at org.testng.TestNG.runSuitesLocally(TestNG.java:1150)
	at org.testng.TestNG.runSuites(TestNG.java:1075)
	at org.testng.TestNG.run(TestNG.java:1047)
	at org.testng.remote.AbstractRemoteTestNG.run(AbstractRemoteTestNG.java:126)
	at org.testng.remote.RemoteTestNG.initAndRun(RemoteTestNG.java:137)
	at org.testng.remote.RemoteTestNG.main(RemoteTestNG.java:58)
]]>
            </full-stacktrace>
          </exception> <!-- org.testng.TestNGException -->
          <reporter-output>
          </reporter-output>
        </test-method> <!-- DMSLogin -->
        <test-method status="PASS" signature="closeApp()[pri:0, instance:DMS.testcases.LoginTest@c038203]" name="closeApp" is-config="true" duration-ms="512" started-at="2022-03-25T14:26:49Z" finished-at="2022-03-25T14:26:49Z">
          <reporter-output>
          </reporter-output>
        </test-method> <!-- closeApp -->
      </class> <!-- DMS.testcases.LoginTest -->
    </test> <!-- Default test -->
  </suite> <!-- Default suite -->
</testng-results>
